
> @vritti/www@0.1.0 build /home/user/vritti/apps/www
> next build

▲ Next.js 16.1.6 (Turbopack)

[MDX] generated files in 44.59453500000018ms
  Creating an optimized production build ...
✓ Compiled successfully in 7.0s
  Running TypeScript ...
  Collecting page data using 15 workers ...
  Generating static pages using 15 workers (0/4) ...
  Generating static pages using 15 workers (1/4) 
  Generating static pages using 15 workers (2/4) 
  Generating static pages using 15 workers (3/4) 
✓ Generating static pages using 15 workers (4/4) in 1432.4ms
  Finalizing page optimization ...

Route (app)
┌ ○ /
├ ○ /_not-found
└ ● /docs/[[...slug]]
  └ /docs


○  (Static)  prerendered as static content
●  (SSG)     prerendered as static HTML (uses generateStaticParams)

